<?xml version="1.0" encoding="UTF-8"?>
<!-- Generated by org.testng.reporters.JUnitReportReporter -->
<testsuite skipped="0" hostname="DESKTOP-3PU5LTL" name="com.elf.test.DemoA" tests="2" failures="0" timestamp="2020-07-19T21:56:41 IST" time="0.008" errors="0">
  <testcase name="deleteCustomer" time="0.000" classname="com.elf.test.DemoA"/>
  <system-out>
deleteCustomer  </system-out>
  <testcase name="createCustomer" time="0.008" classname="com.elf.test.DemoA"/>
  <system-out>
CreateCustomer  </system-out>
</testsuite> <!-- com.elf.test.DemoA -->
