<?xml version="1.0" encoding="UTF-8"?>
<!-- Generated by org.testng.reporters.JUnitReportReporter -->
<testsuite skipped="0" hostname="DESKTOP-3PU5LTL" name="com.elf.test.TestNGDemo" tests="1" failures="0" timestamp="2020-07-19T21:56:41 IST" time="0.004" errors="0">
  <testcase name="testDemo" time="0.004" classname="com.elf.test.TestNGDemo"/>
  <system-out>
Welcome to testNG  </system-out>
</testsuite> <!-- com.elf.test.TestNGDemo -->
