<?xml version="1.0" encoding="UTF-8"?>
<!-- Generated by org.testng.reporters.JUnitReportReporter -->
<testsuite skipped="0" hostname="DESKTOP-3PU5LTL" name="com.elf.test.DemoA1" tests="4" failures="0" timestamp="2020-07-19T21:56:41 IST" time="0.028" errors="0">
  <testcase name="deleteCustomer" time="0.008" classname="com.elf.test.DemoA1"/>
  <system-out>
deleteCustomer  </system-out>
  <testcase name="registerCustomer" time="0.008" classname="com.elf.test.DemoA1"/>
  <system-out>
registerCustomer  </system-out>
  <testcase name="editCustomer" time="0.004" classname="com.elf.test.DemoA1"/>
  <system-out>
editCustomer  </system-out>
  <testcase name="editCustomer" time="0.008" classname="com.elf.test.DemoA1"/>
  <system-out>
editCustomer  </system-out>
</testsuite> <!-- com.elf.test.DemoA1 -->
