<?xml version="1.0" encoding="UTF-8"?>
<!-- Generated by org.testng.reporters.JUnitReportReporter -->
<testsuite skipped="0" hostname="DESKTOP-3PU5LTL" name="TyssClassProg.ScreenShot" tests="1" failures="0" timestamp="2020-07-17T15:14:41 IST" time="29.925" errors="0">
  <testcase name="testScreenShot" time="29.925" classname="TyssClassProg.ScreenShot"/>
  <system-out/>
</testsuite> <!-- TyssClassProg.ScreenShot -->
